[36mINFO[0m[0000] found num_dc in config file                  
[36mINFO[0m[0000] found id in config file                      
[36mINFO[0m[0000] config file read                              [36mcontroller[0m="controller:8081"
[36mINFO[0m[0000] initialized                                   [36mtoken[0m=true
[36mINFO[0m[0001] received next host update                     [36mhost[0m="172.18.0.3:9020"
[36mINFO[0m[0001] reported to controller                        [36mresponse[0m="172.18.0.3:9020 added"
[36mINFO[0m[0000] found num_dc in config file                  
[36mINFO[0m[0000] found id in config file                      
[36mINFO[0m[0000] config file read                              [36mcontroller[0m="controller:8081"
[36mINFO[0m[0000] initialized                                   [36mtoken[0m=false
[36mINFO[0m[0001] connected to the next queue                   [36mhost[0m="172.18.0.3:9020"
[36mINFO[0m[0001] received indexer hosts update                 [36mhost[0m="[172.18.0.6:9040]"
[36mINFO[0m[0001] received maintainer hosts update              [36mhost[0m="[172.18.0.5:9030]"
[36mINFO[0m[0002] received next host update                     [36mhost[0m="172.18.0.4:9020"
[36mINFO[0m[0001] received next host update                     [36mhost[0m="172.18.0.3:9020"
[36mINFO[0m[0001] reported to controller                        [36mresponse[0m="172.18.0.4:9020 added"
[36mINFO[0m[0001] received indexer hosts update                 [36mhost[0m="[172.18.0.6:9040]"
[36mINFO[0m[0001] received maintainer hosts update              [36mhost[0m="[172.18.0.5:9030]"
[36mINFO[0m[0002] connected to the next queue                   [36mhost[0m="172.18.0.4:9020"
[36mINFO[0m[0001] connected to the next queue                   [36mhost[0m="172.18.0.3:9020"
[36mINFO[0m[0051] received incoming record                      [36mlength[0m=1
[36mINFO[0m[0051] received incoming record                      [36mlength[0m=4
[36mINFO[0m[0051] connected to log maintainer                   [36mid[0m=0
[36mINFO[0m[0051] received incoming record                      [36mlength[0m=3
[36mINFO[0m[0052] received incoming record                      [36mlength[0m=3
[36mINFO[0m[0051] received incoming record                      [36mlength[0m=3
[36mINFO[0m[0052] received incoming record                      [36mlength[0m=3
[36mINFO[0m[0053] received incoming record                      [36mlength[0m=3
[36mINFO[0m[0053] received incoming record                      [36mlength[0m=2
[36mINFO[0m[0053] received incoming record                      [36mlength[0m=3
[36mINFO[0m[0051] received incoming record                      [36mlength[0m=2
[36mINFO[0m[0053] received incoming record                      [36mlength[0m=2
[36mINFO[0m[0053] connected to log maintainer                   [36mid[0m=0
[36mINFO[0m[0051] received incoming record                      [36mlength[0m=2
[36mINFO[0m[0053] received incoming record                      [36mlength[0m=3
[36mINFO[0m[0053] received incoming record                      [36mlength[0m=3
[36mINFO[0m[0051] received incoming record                      [36mlength[0m=2
[36mINFO[0m[0051] received incoming record                      [36mlength[0m=3
[36mINFO[0m[0051] received incoming record                      [36mlength[0m=3
[36mINFO[0m[0053] received incoming record                      [36mlength[0m=2
[36mINFO[0m[0051] received incoming record                      [36mlength[0m=3
[36mINFO[0m[0053] received incoming record                      [36mlength[0m=3
[36mINFO[0m[0053] received incoming record                      [36mlength[0m=2
[36mINFO[0m[0053] received incoming record                      [36mlength[0m=3
[36mINFO[0m[0051] received incoming record                      [36mlength[0m=2
[36mINFO[0m[0051] received incoming record                      [36mlength[0m=3
[36mINFO[0m[0051] received incoming record                      [36mlength[0m=2
[36mINFO[0m[0053] received incoming record                      [36mlength[0m=3
[36mINFO[0m[0053] received incoming record                      [36mlength[0m=2
[36mINFO[0m[0052] received incoming record                      [36mlength[0m=2
[36mINFO[0m[0052] received incoming record                      [36mlength[0m=3
[36mINFO[0m[0053] received incoming record                      [36mlength[0m=2
[36mINFO[0m[0052] received incoming record                      [36mlength[0m=3
[36mINFO[0m[0052] received incoming record                      [36mlength[0m=2
[36mINFO[0m[0052] received incoming record                      [36mlength[0m=2
[36mINFO[0m[0053] received incoming record                      [36mlength[0m=3
[36mINFO[0m[0052] received incoming record                      [36mlength[0m=3
[36mINFO[0m[0052] received incoming record                      [36mlength[0m=2
[36mINFO[0m[0052] received incoming record                      [36mlength[0m=3
[36mINFO[0m[0053] received incoming record                      [36mlength[0m=2
[36mINFO[0m[0052] received incoming record                      [36mlength[0m=3
[36mINFO[0m[0053] received incoming record                      [36mlength[0m=2
[36mINFO[0m[0053] received incoming record                      [36mlength[0m=3
[36mINFO[0m[0052] received incoming record                      [36mlength[0m=2
[36mINFO[0m[0052] received incoming record                      [36mlength[0m=2
[36mINFO[0m[0052] received incoming record                      [36mlength[0m=2
[36mINFO[0m[0053] received incoming record                      [36mlength[0m=3
[36mINFO[0m[0053] received incoming record                      [36mlength[0m=2
[36mINFO[0m[0052] received incoming record                      [36mlength[0m=3
[36mINFO[0m[0052] received incoming record                      [36mlength[0m=2
[36mINFO[0m[0052] received incoming record                      [36mlength[0m=3
[36mINFO[0m[0052] received incoming record                      [36mlength[0m=2
[36mINFO[0m[0052] received incoming record                      [36mlength[0m=3
[36mINFO[0m[0052] received incoming record                      [36mlength[0m=2
[36mINFO[0m[0053] received incoming record                      [36mlength[0m=3
[36mINFO[0m[0052] received incoming record                      [36mlength[0m=2
[36mINFO[0m[0053] received incoming record                      [36mlength[0m=2
[36mINFO[0m[0053] received incoming record                      [36mlength[0m=2
[36mINFO[0m[0052] received incoming record                      [36mlength[0m=3
[36mINFO[0m[0052] received incoming record                      [36mlength[0m=2
[36mINFO[0m[0052] received incoming record                      [36mlength[0m=3
[36mINFO[0m[0053] received incoming record                      [36mlength[0m=2
[36mINFO[0m[0052] received incoming record                      [36mlength[0m=3
[36mINFO[0m[0053] received incoming record                      [36mlength[0m=2
[36mINFO[0m[0053] received incoming record                      [36mlength[0m=3
[36mINFO[0m[0053] received incoming record                      [36mlength[0m=2
[36mINFO[0m[0052] received incoming record                      [36mlength[0m=2
[36mINFO[0m[0053] received incoming record                      [36mlength[0m=3
[36mINFO[0m[0052] received incoming record                      [36mlength[0m=3
[36mINFO[0m[0053] received incoming record                      [36mlength[0m=3
[36mINFO[0m[0052] received incoming record                      [36mlength[0m=2
[36mINFO[0m[0053] received incoming record                      [36mlength[0m=3
[36mINFO[0m[0053] received incoming record                      [36mlength[0m=2
[36mINFO[0m[0053] received incoming record                      [36mlength[0m=3
[36mINFO[0m[0052] received incoming record                      [36mlength[0m=3
[36mINFO[0m[0053] received incoming record                      [36mlength[0m=2
[36mINFO[0m[0052] received incoming record                      [36mlength[0m=3
[36mINFO[0m[0052] received incoming record                      [36mlength[0m=3
[36mINFO[0m[0053] received incoming record                      [36mlength[0m=2
[36mINFO[0m[0053] received incoming record                      [36mlength[0m=3
[36mINFO[0m[0052] received incoming record                      [36mlength[0m=3
[36mINFO[0m[0052] received incoming record                      [36mlength[0m=2
[36mINFO[0m[0052] received incoming record                      [36mlength[0m=2
[36mINFO[0m[0052] received incoming record                      [36mlength[0m=3
[36mINFO[0m[0052] received incoming record                      [36mlength[0m=2
[36mINFO[0m[0052] received incoming record                      [36mlength[0m=3
[36mINFO[0m[0052] received incoming record                      [36mlength[0m=3
[36mINFO[0m[0052] received incoming record                      [36mlength[0m=3
[36mINFO[0m[0052] received incoming record                      [36mlength[0m=2
[36mINFO[0m[0053] received incoming record                      [36mlength[0m=3
[36mINFO[0m[0053] received incoming record                      [36mlength[0m=2
[36mINFO[0m[0053] received incoming record                      [36mlength[0m=2
[36mINFO[0m[0053] received incoming record                      [36mlength[0m=3
[36mINFO[0m[0052] received incoming record                      [36mlength[0m=3
[36mINFO[0m[0053] received incoming record                      [36mlength[0m=2
[36mINFO[0m[0052] received incoming record                      [36mlength[0m=3
[36mINFO[0m[0053] received incoming record                      [36mlength[0m=3
[36mINFO[0m[0052] received incoming record                      [36mlength[0m=2
[36mINFO[0m[0052] received incoming record                      [36mlength[0m=2
[36mINFO[0m[0053] received incoming record                      [36mlength[0m=3
[36mINFO[0m[0052] received incoming record                      [36mlength[0m=2
[36mINFO[0m[0052] received incoming record                      [36mlength[0m=3
[36mINFO[0m[0052] received incoming record                      [36mlength[0m=2
[36mINFO[0m[0052] received incoming record                      [36mlength[0m=3
[36mINFO[0m[0052] received incoming record                      [36mlength[0m=2
[36mINFO[0m[0054] received incoming record                      [36mlength[0m=3
[36mINFO[0m[0054] received incoming record                      [36mlength[0m=3
[36mINFO[0m[0052] received incoming record                      [36mlength[0m=2
[36mINFO[0m[0054] received incoming record                      [36mlength[0m=3
[36mINFO[0m[0054] received incoming record                      [36mlength[0m=3
[36mINFO[0m[0054] received incoming record                      [36mlength[0m=2
[36mINFO[0m[0052] received incoming record                      [36mlength[0m=3
[36mINFO[0m[0052] received incoming record                      [36mlength[0m=2
[36mINFO[0m[0054] received incoming record                      [36mlength[0m=3
[36mINFO[0m[0054] received incoming record                      [36mlength[0m=3
[36mINFO[0m[0052] received incoming record                      [36mlength[0m=2
[36mINFO[0m[0052] received incoming record                      [36mlength[0m=3
[36mINFO[0m[0052] received incoming record                      [36mlength[0m=3
[36mINFO[0m[0052] received incoming record                      [36mlength[0m=2
[36mINFO[0m[0054] received incoming record                      [36mlength[0m=3
[36mINFO[0m[0054] received incoming record                      [36mlength[0m=2
[36mINFO[0m[0054] received incoming record                      [36mlength[0m=3
[36mINFO[0m[0052] received incoming record                      [36mlength[0m=2
[36mINFO[0m[0053] received incoming record                      [36mlength[0m=2
[36mINFO[0m[0054] received incoming record                      [36mlength[0m=3
[36mINFO[0m[0054] received incoming record                      [36mlength[0m=3
[36mINFO[0m[0053] received incoming record                      [36mlength[0m=2
[36mINFO[0m[0054] received incoming record                      [36mlength[0m=3
[36mINFO[0m[0053] received incoming record                      [36mlength[0m=3
[36mINFO[0m[0053] received incoming record                      [36mlength[0m=2
[36mINFO[0m[0054] received incoming record                      [36mlength[0m=3
[36mINFO[0m[0053] received incoming record                      [36mlength[0m=2
[36mINFO[0m[0053] received incoming record                      [36mlength[0m=3
[36mINFO[0m[0054] received incoming record                      [36mlength[0m=2
[36mINFO[0m[0053] received incoming record                      [36mlength[0m=3
[36mINFO[0m[0053] received incoming record                      [36mlength[0m=3
[36mINFO[0m[0054] received incoming record                      [36mlength[0m=2
[36mINFO[0m[0054] received incoming record                      [36mlength[0m=3
[36mINFO[0m[0054] received incoming record                      [36mlength[0m=2
[36mINFO[0m[0053] received incoming record                      [36mlength[0m=3
[36mINFO[0m[0054] received incoming record                      [36mlength[0m=2
[36mINFO[0m[0053] received incoming record                      [36mlength[0m=3
[36mINFO[0m[0054] received incoming record                      [36mlength[0m=2
[36mINFO[0m[0054] received incoming record                      [36mlength[0m=3
[36mINFO[0m[0054] received incoming record                      [36mlength[0m=2
[36mINFO[0m[0053] received incoming record                      [36mlength[0m=3
[36mINFO[0m[0054] received incoming record                      [36mlength[0m=3
[36mINFO[0m[0054] received incoming record                      [36mlength[0m=2
[36mINFO[0m[0053] received incoming record                      [36mlength[0m=3
[36mINFO[0m[0054] received incoming record                      [36mlength[0m=2
[36mINFO[0m[0054] received incoming record                      [36mlength[0m=3
[36mINFO[0m[0053] received incoming record                      [36mlength[0m=2
[36mINFO[0m[0054] received incoming record                      [36mlength[0m=3
[36mINFO[0m[0054] received incoming record                      [36mlength[0m=2
[36mINFO[0m[0053] received incoming record                      [36mlength[0m=3
[36mINFO[0m[0053] received incoming record                      [36mlength[0m=2
[36mINFO[0m[0053] received incoming record                      [36mlength[0m=3
[36mINFO[0m[0054] received incoming record                      [36mlength[0m=3
[36mINFO[0m[0054] received incoming record                      [36mlength[0m=2
[36mINFO[0m[0054] received incoming record                      [36mlength[0m=3
[36mINFO[0m[0053] received incoming record                      [36mlength[0m=2
[36mINFO[0m[0053] received incoming record                      [36mlength[0m=3
[36mINFO[0m[0054] received incoming record                      [36mlength[0m=2
[36mINFO[0m[0054] received incoming record                      [36mlength[0m=3
[36mINFO[0m[0054] received incoming record                      [36mlength[0m=3
[36mINFO[0m[0053] received incoming record                      [36mlength[0m=2
[36mINFO[0m[0054] received incoming record                      [36mlength[0m=3
[36mINFO[0m[0054] received incoming record                      [36mlength[0m=3
[36mINFO[0m[0053] received incoming record                      [36mlength[0m=2
[36mINFO[0m[0054] received incoming record                      [36mlength[0m=2
[36mINFO[0m[0054] received incoming record                      [36mlength[0m=3
[36mINFO[0m[0054] received incoming record                      [36mlength[0m=3
[36mINFO[0m[0053] received incoming record                      [36mlength[0m=2
[36mINFO[0m[0054] received incoming record                      [36mlength[0m=3
[36mINFO[0m[0054] received incoming record                      [36mlength[0m=3
[36mINFO[0m[0054] received incoming record                      [36mlength[0m=2
[36mINFO[0m[0053] received incoming record                      [36mlength[0m=3
[36mINFO[0m[0053] received incoming record                      [36mlength[0m=3
[36mINFO[0m[0053] received incoming record                      [36mlength[0m=2
[36mINFO[0m[0053] received incoming record                      [36mlength[0m=2
[36mINFO[0m[0054] received incoming record                      [36mlength[0m=3
[36mINFO[0m[0053] received incoming record                      [36mlength[0m=3
[36mINFO[0m[0054] received incoming record                      [36mlength[0m=2
[36mINFO[0m[0053] received incoming record                      [36mlength[0m=3
[36mINFO[0m[0054] received incoming record                      [36mlength[0m=3
[36mINFO[0m[0053] received incoming record                      [36mlength[0m=2
[36mINFO[0m[0054] received incoming record                      [36mlength[0m=3
[36mINFO[0m[0054] received incoming record                      [36mlength[0m=2
[36mINFO[0m[0053] received incoming record                      [36mlength[0m=2
[36mINFO[0m[0054] received incoming record                      [36mlength[0m=3
[36mINFO[0m[0053] received incoming record                      [36mlength[0m=2
[36mINFO[0m[0054] received incoming record                      [36mlength[0m=3
[36mINFO[0m[0053] received incoming record                      [36mlength[0m=3
[36mINFO[0m[0054] received incoming record                      [36mlength[0m=2
[36mINFO[0m[0054] received incoming record                      [36mlength[0m=3
[36mINFO[0m[0054] received incoming record                      [36mlength[0m=2
[36mINFO[0m[0053] received incoming record                      [36mlength[0m=3
[36mINFO[0m[0054] received incoming record                      [36mlength[0m=3
[36mINFO[0m[0054] received incoming record                      [36mlength[0m=2
[36mINFO[0m[0054] received incoming record                      [36mlength[0m=2
[36mINFO[0m[0053] received incoming record                      [36mlength[0m=3
[36mINFO[0m[0055] received incoming record                      [36mlength[0m=2
[36mINFO[0m[0053] received incoming record                      [36mlength[0m=2
[36mINFO[0m[0053] received incoming record                      [36mlength[0m=3
[36mINFO[0m[0055] received incoming record                      [36mlength[0m=3
[36mINFO[0m[0055] received incoming record                      [36mlength[0m=2
[36mINFO[0m[0053] received incoming record                      [36mlength[0m=3
[36mINFO[0m[0055] received incoming record                      [36mlength[0m=2
[36mINFO[0m[0053] received incoming record                      [36mlength[0m=2
[36mINFO[0m[0055] received incoming record                      [36mlength[0m=3
[36mINFO[0m[0055] received incoming record                      [36mlength[0m=3
[36mINFO[0m[0053] received incoming record                      [36mlength[0m=3
[36mINFO[0m[0053] received incoming record                      [36mlength[0m=2
[36mINFO[0m[0055] received incoming record                      [36mlength[0m=3
[36mINFO[0m[0055] received incoming record                      [36mlength[0m=2
[36mINFO[0m[0055] received incoming record                      [36mlength[0m=3
[36mINFO[0m[0053] received incoming record                      [36mlength[0m=3
[36mINFO[0m[0053] received incoming record                      [36mlength[0m=2
[36mINFO[0m[0053] received incoming record                      [36mlength[0m=2
[36mINFO[0m[0055] received incoming record                      [36mlength[0m=3
[36mINFO[0m[0054] received incoming record                      [36mlength[0m=2
[36mINFO[0m[0054] received incoming record                      [36mlength[0m=3
[36mINFO[0m[0054] received incoming record                      [36mlength[0m=3
[36mINFO[0m[0054] received incoming record                      [36mlength[0m=2
[36mINFO[0m[0054] received incoming record                      [36mlength[0m=3
[36mINFO[0m[0054] received incoming record                      [36mlength[0m=3
[36mINFO[0m[0055] received incoming record                      [36mlength[0m=2
[36mINFO[0m[0055] received incoming record                      [36mlength[0m=2
[36mINFO[0m[0055] received incoming record                      [36mlength[0m=3
[36mINFO[0m[0055] received incoming record                      [36mlength[0m=2
[36mINFO[0m[0055] received incoming record                      [36mlength[0m=3
[36mINFO[0m[0055] received incoming record                      [36mlength[0m=3
[36mINFO[0m[0055] received incoming record                      [36mlength[0m=2
[36mINFO[0m[0054] received incoming record                      [36mlength[0m=3
[36mINFO[0m[0054] received incoming record                      [36mlength[0m=3
[36mINFO[0m[0055] received incoming record                      [36mlength[0m=3
[36mINFO[0m[0055] received incoming record                      [36mlength[0m=2
[36mINFO[0m[0054] received incoming record                      [36mlength[0m=2
[36mINFO[0m[0055] received incoming record                      [36mlength[0m=3
[36mINFO[0m[0055] received incoming record                      [36mlength[0m=3
[36mINFO[0m[0055] received incoming record                      [36mlength[0m=2
[36mINFO[0m[0054] received incoming record                      [36mlength[0m=3
[36mINFO[0m[0054] received incoming record                      [36mlength[0m=3
[36mINFO[0m[0054] received incoming record                      [36mlength[0m=2
[36mINFO[0m[0055] received incoming record                      [36mlength[0m=3
[36mINFO[0m[0055] received incoming record                      [36mlength[0m=2
[36mINFO[0m[0054] received incoming record                      [36mlength[0m=2
[36mINFO[0m[0054] received incoming record                      [36mlength[0m=3
[36mINFO[0m[0054] received incoming record                      [36mlength[0m=2
[36mINFO[0m[0054] received incoming record                      [36mlength[0m=3
[36mINFO[0m[0055] received incoming record                      [36mlength[0m=2
[36mINFO[0m[0054] received incoming record                      [36mlength[0m=3
[36mINFO[0m[0054] received incoming record                      [36mlength[0m=2
[36mINFO[0m[0054] received incoming record                      [36mlength[0m=3
[36mINFO[0m[0054] received incoming record                      [36mlength[0m=2
[36mINFO[0m[0055] received incoming record                      [36mlength[0m=3
[36mINFO[0m[0055] received incoming record                      [36mlength[0m=2
[36mINFO[0m[0055] received incoming record                      [36mlength[0m=2
[36mINFO[0m[0055] received incoming record                      [36mlength[0m=3
[36mINFO[0m[0055] received incoming record                      [36mlength[0m=3
[36mINFO[0m[0055] received incoming record                      [36mlength[0m=2
[36mINFO[0m[0054] received incoming record                      [36mlength[0m=3
[36mINFO[0m[0054] received incoming record                      [36mlength[0m=2
[36mINFO[0m[0054] received incoming record                      [36mlength[0m=3
[36mINFO[0m[0054] received incoming record                      [36mlength[0m=2
[36mINFO[0m[0055] received incoming record                      [36mlength[0m=3
[36mINFO[0m[0055] received incoming record                      [36mlength[0m=2
[36mINFO[0m[0054] received incoming record                      [36mlength[0m=3
[36mINFO[0m[0055] received incoming record                      [36mlength[0m=2
[36mINFO[0m[0055] received incoming record                      [36mlength[0m=3
[36mINFO[0m[0055] received incoming record                      [36mlength[0m=2
[36mINFO[0m[0055] received incoming record                      [36mlength[0m=3
[36mINFO[0m[0055] received incoming record                      [36mlength[0m=2
[36mINFO[0m[0054] received incoming record                      [36mlength[0m=3
[36mINFO[0m[0055] received incoming record                      [36mlength[0m=3
[36mINFO[0m[0054] received incoming record                      [36mlength[0m=2
[36mINFO[0m[0055] received incoming record                      [36mlength[0m=3
[36mINFO[0m[0054] received incoming record                      [36mlength[0m=2
[36mINFO[0m[0055] received incoming record                      [36mlength[0m=3
[36mINFO[0m[0055] received incoming record                      [36mlength[0m=3
[36mINFO[0m[0055] received incoming record                      [36mlength[0m=2
[36mINFO[0m[0055] received incoming record                      [36mlength[0m=3
[36mINFO[0m[0055] received incoming record                      [36mlength[0m=2
[36mINFO[0m[0054] received incoming record                      [36mlength[0m=3
[36mINFO[0m[0054] received incoming record                      [36mlength[0m=3
[36mINFO[0m[0054] received incoming record                      [36mlength[0m=2
[36mINFO[0m[0054] received incoming record                      [36mlength[0m=2
[36mINFO[0m[0055] received incoming record                      [36mlength[0m=2
[36mINFO[0m[0054] received incoming record                      [36mlength[0m=3
[36mINFO[0m[0055] received incoming record                      [36mlength[0m=3
[36mINFO[0m[0054] received incoming record                      [36mlength[0m=2
[36mINFO[0m[0054] received incoming record                      [36mlength[0m=3
[36mINFO[0m[0054] received incoming record                      [36mlength[0m=2
[36mINFO[0m[0054] received incoming record                      [36mlength[0m=3
[36mINFO[0m[0054] received incoming record                      [36mlength[0m=2
[36mINFO[0m[0054] received incoming record                      [36mlength[0m=3
[36mINFO[0m[0054] received incoming record                      [36mlength[0m=2
[36mINFO[0m[0055] received incoming record                      [36mlength[0m=3
[36mINFO[0m[0054] received incoming record                      [36mlength[0m=3
[36mINFO[0m[0054] received incoming record                      [36mlength[0m=2
[36mINFO[0m[0056] received incoming record                      [36mlength[0m=3
[36mINFO[0m[0056] received incoming record                      [36mlength[0m=2
[36mINFO[0m[0056] received incoming record                      [36mlength[0m=3
[36mINFO[0m[0054] received incoming record                      [36mlength[0m=2
[36mINFO[0m[0056] received incoming record                      [36mlength[0m=3
[36mINFO[0m[0056] received incoming record                      [36mlength[0m=2
[36mINFO[0m[0054] received incoming record                      [36mlength[0m=3
[36mINFO[0m[0056] received incoming record                      [36mlength[0m=2
[36mINFO[0m[0056] received incoming record                      [36mlength[0m=2
[36mINFO[0m[0054] received incoming record                      [36mlength[0m=3
[36mINFO[0m[0056] received incoming record                      [36mlength[0m=2
[36mINFO[0m[0054] received incoming record                      [36mlength[0m=3
[36mINFO[0m[0056] received incoming record                      [36mlength[0m=3
[36mINFO[0m[0056] received incoming record                      [36mlength[0m=2
[36mINFO[0m[0054] received incoming record                      [36mlength[0m=3
[36mINFO[0m[0056] received incoming record                      [36mlength[0m=2
[36mINFO[0m[0054] received incoming record                      [36mlength[0m=3
[36mINFO[0m[0056] received incoming record                      [36mlength[0m=2
[36mINFO[0m[0055] received incoming record                      [36mlength[0m=3
[36mINFO[0m[0055] received incoming record                      [36mlength[0m=3
[36mINFO[0m[0056] received incoming record                      [36mlength[0m=2
[36mINFO[0m[0055] received incoming record                      [36mlength[0m=3
[36mINFO[0m[0055] received incoming record                      [36mlength[0m=3
[36mINFO[0m[0056] received incoming record                      [36mlength[0m=2
[36mINFO[0m[0055] received incoming record                      [36mlength[0m=3
[36mINFO[0m[0056] received incoming record                      [36mlength[0m=2
[36mINFO[0m[0056] received incoming record                      [36mlength[0m=3
[36mINFO[0m[0056] received incoming record                      [36mlength[0m=2
[36mINFO[0m[0055] received incoming record                      [36mlength[0m=3
[36mINFO[0m[0056] received incoming record                      [36mlength[0m=2
[36mINFO[0m[0056] received incoming record                      [36mlength[0m=3
[36mINFO[0m[0055] received incoming record                      [36mlength[0m=3
[36mINFO[0m[0055] received incoming record                      [36mlength[0m=2
[36mINFO[0m[0056] received incoming record                      [36mlength[0m=3
[36mINFO[0m[0055] received incoming record                      [36mlength[0m=2
[36mINFO[0m[0056] received incoming record                      [36mlength[0m=2
[36mINFO[0m[0055] received incoming record                      [36mlength[0m=3
[36mINFO[0m[0056] received incoming record                      [36mlength[0m=2
[36mINFO[0m[0055] received incoming record                      [36mlength[0m=1
[36mINFO[0m[0056] received incoming record                      [36mlength[0m=3
[36mINFO[0m[0055] received incoming record                      [36mlength[0m=3
[36mINFO[0m[0055] received incoming record                      [36mlength[0m=2
[36mINFO[0m[0056] received incoming record                      [36mlength[0m=3
[36mINFO[0m[0056] received incoming record                      [36mlength[0m=2
[36mINFO[0m[0055] received incoming record                      [36mlength[0m=2
[36mINFO[0m[0055] received incoming record                      [36mlength[0m=3
[36mINFO[0m[0055] received incoming record                      [36mlength[0m=2
[36mINFO[0m[0056] received incoming record                      [36mlength[0m=3
[36mINFO[0m[0056] received incoming record                      [36mlength[0m=2
[36mINFO[0m[0055] received incoming record                      [36mlength[0m=3
[36mINFO[0m[0055] received incoming record                      [36mlength[0m=2
[36mINFO[0m[0056] received incoming record                      [36mlength[0m=3
[36mINFO[0m[0055] received incoming record                      [36mlength[0m=3
[36mINFO[0m[0056] received incoming record                      [36mlength[0m=2
[36mINFO[0m[0056] received incoming record                      [36mlength[0m=2
[36mINFO[0m[0055] received incoming record                      [36mlength[0m=2
[36mINFO[0m[0056] received incoming record                      [36mlength[0m=3
[36mINFO[0m[0056] received incoming record                      [36mlength[0m=3
[36mINFO[0m[0055] received incoming record                      [36mlength[0m=2
[36mINFO[0m[0055] received incoming record                      [36mlength[0m=3
[36mINFO[0m[0056] received incoming record                      [36mlength[0m=3
[36mINFO[0m[0055] received incoming record                      [36mlength[0m=3
[36mINFO[0m[0055] received incoming record                      [36mlength[0m=2
[36mINFO[0m[0056] received incoming record                      [36mlength[0m=3
[36mINFO[0m[0056] received incoming record                      [36mlength[0m=2
[36mINFO[0m[0055] received incoming record                      [36mlength[0m=3
[36mINFO[0m[0055] received incoming record                      [36mlength[0m=3
[36mINFO[0m[0056] received incoming record                      [36mlength[0m=2
[36mINFO[0m[0056] received incoming record                      [36mlength[0m=3
[36mINFO[0m[0056] received incoming record                      [36mlength[0m=3
[36mINFO[0m[0055] received incoming record                      [36mlength[0m=2
[36mINFO[0m[0056] received incoming record                      [36mlength[0m=3
[36mINFO[0m[0055] received incoming record                      [36mlength[0m=2
[36mINFO[0m[0056] received incoming record                      [36mlength[0m=3
[36mINFO[0m[0055] received incoming record                      [36mlength[0m=2
[36mINFO[0m[0056] received incoming record                      [36mlength[0m=3
[36mINFO[0m[0055] received incoming record                      [36mlength[0m=2
[36mINFO[0m[0056] received incoming record                      [36mlength[0m=3
[36mINFO[0m[0056] received incoming record                      [36mlength[0m=2
[36mINFO[0m[0055] received incoming record                      [36mlength[0m=3
[36mINFO[0m[0055] received incoming record                      [36mlength[0m=2
[36mINFO[0m[0056] received incoming record                      [36mlength[0m=3
[36mINFO[0m[0056] received incoming record                      [36mlength[0m=2
[36mINFO[0m[0056] received incoming record                      [36mlength[0m=3
[36mINFO[0m[0055] received incoming record                      [36mlength[0m=2
[36mINFO[0m[0056] received incoming record                      [36mlength[0m=3
[36mINFO[0m[0055] received incoming record                      [36mlength[0m=2
[36mINFO[0m[0056] received incoming record                      [36mlength[0m=3
[36mINFO[0m[0056] received incoming record                      [36mlength[0m=2
[36mINFO[0m[0055] received incoming record                      [36mlength[0m=3
[36mINFO[0m[0056] received incoming record                      [36mlength[0m=3
[36mINFO[0m[0056] received incoming record                      [36mlength[0m=2
[36mINFO[0m[0055] received incoming record                      [36mlength[0m=3
[36mINFO[0m[0056] received incoming record                      [36mlength[0m=2
[36mINFO[0m[0056] received incoming record                      [36mlength[0m=3
[36mINFO[0m[0055] received incoming record                      [36mlength[0m=2
[36mINFO[0m[0000] found num_dc in config file                  
[36mINFO[0m[0000] found id in config file                      
[36mINFO[0m[0000] config file read                              [36mcontroller[0m="controller:8081"
[36mINFO[0m[0000] initialized                                   [36mtoken[0m=false
[36mINFO[0m[0000] found num_dc in config file                  
[36mINFO[0m[0000] found id in config file                      
[36mINFO[0m[0000] config file read                              [36mcontroller[0m="controller:8081"
[36mINFO[0m[0000] initialized                                   [36mtoken[0m=true
[36mINFO[0m[0001] received next host update                     [36mhost[0m="172.18.0.3:9020"
[36mINFO[0m[0001] reported to controller                        [36mresponse[0m="172.18.0.3:9020 added"
[36mINFO[0m[0001] received maintainer hosts update              [36mhost[0m="[172.18.0.4:9030]"
[36mINFO[0m[0001] received next host update                     [36mhost[0m="172.18.0.6:9020"
[36mINFO[0m[0001] reported to controller                        [36mresponse[0m="172.18.0.6:9020 added"
[36mINFO[0m[0001] received next host update                     [36mhost[0m="172.18.0.3:9020"
[36mINFO[0m[0001] received maintainer hosts update              [36mhost[0m="[172.18.0.4:9030]"
[36mINFO[0m[0001] connected to the next queue                   [36mhost[0m="172.18.0.3:9020"
[36mINFO[0m[0001] connected to the next queue                   [36mhost[0m="172.18.0.6:9020"
[36mINFO[0m[0001] received indexer hosts update                 [36mhost[0m="[172.18.0.7:9040]"
[36mINFO[0m[0001] received indexer hosts update                 [36mhost[0m="[172.18.0.7:9040]"
[36mINFO[0m[0152] received incoming record                      [36mlength[0m=1
[36mINFO[0m[0152] connected to log maintainer                   [36mid[0m=0
[36mINFO[0m[0000] found num_dc in config file                  
[36mINFO[0m[0000] found id in config file                      
[36mINFO[0m[0000] config file read                              [36mcontroller[0m="controller:8081"
[36mINFO[0m[0000] initialized                                   [36mtoken[0m=true
[36mINFO[0m[0000] found num_dc in config file                  
[36mINFO[0m[0000] found id in config file                      
[36mINFO[0m[0000] config file read                              [36mcontroller[0m="controller:8081"
[36mINFO[0m[0000] initialized                                   [36mtoken[0m=false
[36mINFO[0m[0001] received next host update                     [36mhost[0m="172.18.0.3:9020"
[36mINFO[0m[0001] reported to controller                        [36mresponse[0m="172.18.0.3:9020 added"
[36mINFO[0m[0001] connected to the next queue                   [36mhost[0m="172.18.0.3:9020"
[36mINFO[0m[0001] received next host update                     [36mhost[0m="172.18.0.3:9020"
[36mINFO[0m[0001] received next host update                     [36mhost[0m="172.18.0.8:9020"
[36mINFO[0m[0001] reported to controller                        [36mresponse[0m="172.18.0.8:9020 added"
[36mINFO[0m[0001] connected to the next queue                   [36mhost[0m="172.18.0.8:9020"
[36mINFO[0m[0001] connected to the next queue                   [36mhost[0m="172.18.0.3:9020"
[36mINFO[0m[0002] received maintainer hosts update              [36mhost[0m="[172.18.0.6:9030]"
[36mINFO[0m[0003] received maintainer hosts update              [36mhost[0m="[172.18.0.6:9030]"
[36mINFO[0m[0002] received indexer hosts update                 [36mhost[0m="[172.18.0.7:9040]"
[36mINFO[0m[0003] received indexer hosts update                 [36mhost[0m="[172.18.0.7:9040]"
[36mINFO[0m[0000] found num_dc in config file                  
[36mINFO[0m[0000] found id in config file                      
[36mINFO[0m[0000] config file read                              [36mcontroller[0m="controller:8081"
[36mINFO[0m[0000] initialized                                   [36mtoken[0m=true
[36mINFO[0m[0000] found num_dc in config file                  
[36mINFO[0m[0000] found id in config file                      
[36mINFO[0m[0000] config file read                              [36mcontroller[0m="controller:8081"
[36mINFO[0m[0000] initialized                                   [36mtoken[0m=false
[36mINFO[0m[0001] received next host update                     [36mhost[0m="172.18.0.3:9020"
[36mINFO[0m[0001] reported to controller                        [36mresponse[0m="172.18.0.3:9020 added"
[36mINFO[0m[0001] connected to the next queue                   [36mhost[0m="172.18.0.3:9020"
[36mINFO[0m[0001] received maintainer hosts update              [36mhost[0m="[172.18.0.4:9030]"
[36mINFO[0m[0001] received next host update                     [36mhost[0m="172.18.0.3:9020"
[36mINFO[0m[0001] received maintainer hosts update              [36mhost[0m="[172.18.0.4:9030]"
[36mINFO[0m[0001] reported to controller                        [36mresponse[0m="172.18.0.8:9020 added"
[36mINFO[0m[0001] received next host update                     [36mhost[0m="172.18.0.8:9020"
[36mINFO[0m[0001] connected to the next queue                   [36mhost[0m="172.18.0.8:9020"
[36mINFO[0m[0001] connected to the next queue                   [36mhost[0m="172.18.0.3:9020"
[36mINFO[0m[0003] received indexer hosts update                 [36mhost[0m="[172.18.0.5:9040]"
[36mINFO[0m[0002] received indexer hosts update                 [36mhost[0m="[172.18.0.5:9040]"
[36mINFO[0m[0009] received incoming record                      [36mlength[0m=1
[36mINFO[0m[0009] connected to log maintainer                   [36mid[0m=0
[36mINFO[0m[0361] received incoming record                      [36mlength[0m=1
[36mINFO[0m[0413] received incoming record                      [36mlength[0m=1
[36mINFO[0m[0000] found num_dc in config file                  
[36mINFO[0m[0000] found id in config file                      
[36mINFO[0m[0000] config file read                              [36mcontroller[0m="controller:8081"
[36mINFO[0m[0000] initialized                                   [36mtoken[0m=true
[36mINFO[0m[0000] found num_dc in config file                  
[36mINFO[0m[0000] found id in config file                      
[36mINFO[0m[0000] config file read                              [36mcontroller[0m="controller:8081"
[36mINFO[0m[0000] initialized                                   [36mtoken[0m=false
[36mINFO[0m[0001] received next host update                     [36mhost[0m="172.18.0.3:9020"
[36mINFO[0m[0001] reported to controller                        [36mresponse[0m="172.18.0.3:9020 added"
[36mINFO[0m[0001] connected to the next queue                   [36mhost[0m="172.18.0.3:9020"
[36mINFO[0m[0001] reported to controller                        [36mresponse[0m="172.18.0.4:9020 added"
[36mINFO[0m[0001] received next host update                     [36mhost[0m="172.18.0.3:9020"
[36mINFO[0m[0001] received next host update                     [36mhost[0m="172.18.0.4:9020"
[36mINFO[0m[0001] connected to the next queue                   [36mhost[0m="172.18.0.4:9020"
[36mINFO[0m[0001] connected to the next queue                   [36mhost[0m="172.18.0.3:9020"
[36mINFO[0m[0001] received maintainer hosts update              [36mhost[0m="[172.18.0.8:9030]"
[36mINFO[0m[0001] received maintainer hosts update              [36mhost[0m="[172.18.0.8:9030]"
[36mINFO[0m[0002] received indexer hosts update                 [36mhost[0m="[172.18.0.6:9040]"
[36mINFO[0m[0002] received indexer hosts update                 [36mhost[0m="[172.18.0.6:9040]"
[36mINFO[0m[0063] received incoming record                      [36mlength[0m=1
[36mINFO[0m[0063] connected to log maintainer                   [36mid[0m=0
[36mINFO[0m[0063] received incoming record                      [36mlength[0m=1
[36mINFO[0m[0102] received incoming record                      [36mlength[0m=1
[36mINFO[0m[0102] received incoming record                      [36mlength[0m=1
[36mINFO[0m[0102] connected to log maintainer                   [36mid[0m=0
[36mINFO[0m[0102] received incoming record                      [36mlength[0m=1
[36mINFO[0m[0124] received incoming record                      [36mlength[0m=1
[36mINFO[0m[0124] received incoming record                      [36mlength[0m=1
[36mINFO[0m[0125] received incoming record                      [36mlength[0m=1
